2023-12-18 13:48:55,216 [main] INFO  team1.Menu - Added successfully
2023-12-18 13:59:04,208 [main] INFO  team1.Menu - Added successfully
2023-12-18 14:07:42,633 [main] INFO  team1.Menu - Added successfully
2023-12-18 14:08:12,408 [main] INFO  team1.Menu - Added successfully
2023-12-18 14:12:05,661 [main] INFO  team1.Menu - Added successfully
2023-12-19 06:18:24,334 [main] INFO  team1.Menu - Added successfully
2024-02-01 06:41:28,589 [main] INFO  team1.Menu - Added successfully
2024-02-08 07:31:45,438 [main] INFO  team1.Menu - database connection begin
2024-02-15 06:49:46,169 [main] INFO  team1.Menu - database connection begin
2024-02-16 09:23:31,637 [main] INFO  team1.Menu - database connection begin
2024-02-16 09:23:36,773 [main] INFO  team1.Menu - database connection begin
2024-02-16 09:55:54,380 [main] INFO  team1.Menu - Added successfully
2024-02-16 10:02:57,783 [main] INFO  team1.Menu - Added successfully
2024-02-16 10:08:42,929 [main] INFO  team1.Menu - Added successfully
2024-02-16 10:12:30,840 [main] INFO  team1.Menu - database connection begin
2024-02-16 10:13:28,574 [main] INFO  team1.Menu - Employee data added successfully
2024-02-16 10:13:28,588 [main] INFO  team1.Menu - Added to the database
2024-02-16 10:13:28,588 [main] INFO  team1.Menu - database connection begin
2024-02-16 10:29:21,886 [main] INFO  team1.Menu - Employee data added successfully
2024-02-16 10:29:21,895 [main] INFO  team1.Menu - Added successfully
2024-02-16 10:29:44,258 [main] INFO  team1.Menu - database connection begin
2024-02-16 10:29:51,146 [main] INFO  team1.Menu - database connection begin
2024-02-16 10:38:56,565 [main] INFO  team1.Menu - Employee data added successfully
2024-02-16 10:38:56,577 [main] INFO  team1.Menu - Added successfully
2024-02-16 10:55:59,351 [main] INFO  team1.Menu - Listed the employee details
2024-02-16 10:58:27,286 [main] INFO  team1.Menu - Listed the employee details
2024-02-16 10:59:24,249 [main] INFO  team1.Menu - Listed the employee details
2024-02-16 11:02:07,565 [main] INFO  team1.Menu - Employee data added successfully
2024-02-16 11:02:07,575 [main] INFO  team1.Menu - Added successfully
2024-02-16 11:02:12,483 [main] INFO  team1.Menu - Listed the employee details
2024-02-16 11:40:00,942 [main] INFO  team1.Menu - Employee data added successfully
2024-02-16 11:40:00,972 [main] INFO  team1.Menu - Added successfully
2024-02-16 11:40:07,615 [main] INFO  team1.Menu - Listed the employee details
2024-02-16 11:42:31,126 [main] INFO  team1.Menu - Listed the employee details
2024-02-16 11:44:13,875 [main] INFO  team1.Menu - Listed the employee details
2024-02-16 11:45:07,840 [main] INFO  team1.Menu - Listed the employee details
2024-02-19 13:06:41,822 [main] INFO  team1.Menu - Connection to the database is successful
2024-02-19 13:07:44,676 [main] INFO  team1.Menu - Employee data added successfully
2024-02-19 13:07:44,683 [main] INFO  team1.Menu - Personal details have been added
2024-02-19 13:07:44,688 [main] INFO  team1.Menu - Added successfully
2024-02-19 13:07:44,717 [main] INFO  team1.Menu - Connection to the database is successful
2024-02-19 13:07:58,664 [main] INFO  team1.Menu - Personal details have been retrieved
2024-02-19 13:07:58,664 [main] INFO  team1.Menu - Personal details have been retrieved
2024-02-19 13:07:58,664 [main] INFO  team1.Menu - Personal details have been retrieved
2024-02-19 13:07:58,690 [main] INFO  team1.Menu - Connection to the database is successful
2024-02-19 13:08:04,047 [main] INFO  team1.Menu - Personal details have been retrieved
2024-02-19 13:08:04,047 [main] INFO  team1.Menu - Personal details have been retrieved
2024-02-19 13:08:04,048 [main] INFO  team1.Menu - Personal details have been retrieved
2024-02-19 13:08:04,048 [main] INFO  team1.Menu - Listed the employee details
2024-02-19 13:08:04,072 [main] INFO  team1.Menu - Connection to the database is successful
2024-02-19 13:08:52,090 [main] INFO  team1.Menu - Connection to the database is successful
2024-02-19 13:09:16,704 [main] INFO  team1.Menu - Connection to the database is successful
2024-02-19 13:09:35,449 [main] INFO  team1.Menu - Connection to the database is successful
2024-02-19 13:10:16,989 [main] INFO  team1.Menu - Connection to the database is successful
2024-02-19 13:11:36,445 [main] INFO  team1.Menu - Connection to the database is successful
2024-02-19 13:11:55,639 [main] INFO  team1.Menu - Connection to the database is successful
2024-02-19 13:14:45,483 [main] INFO  team1.Menu - Connection to the database is successful
2024-02-19 13:15:20,878 [main] INFO  team1.Menu - Connection to the database is successful
2024-02-19 13:18:06,490 [main] INFO  team1.Menu - Personal details have been retrieved
2024-02-19 13:18:06,490 [main] INFO  team1.Menu - Personal details have been retrieved
2024-02-19 13:18:06,490 [main] INFO  team1.Menu - Personal details have been retrieved
2024-02-19 13:18:06,522 [main] INFO  team1.Menu - Connection to the database is successful
2024-02-19 13:19:25,635 [main] INFO  team1.Menu - Connection to the database is successful
